<?xml version="1.0" encoding="UTF-8"?>
<!-- Generated by org.testng.reporters.JUnitReportReporter -->
<testsuite skipped="0" hostname="LAPTOP-IHOSLHHL" name="codesonStriings.delete" tests="1" failures="0" timestamp="04 Jun 2019 10:27:47 GMT" time="13.220" errors="0">
  <testcase name="setup" time="13.220" classname="codesonStriings.delete"/>
</testsuite> <!-- codesonStriings.delete -->
