<?xml version="1.0" encoding="UTF-8"?>
<!-- Generated by org.testng.reporters.JUnitReportReporter -->
<testsuite skipped="0" hostname="LAPTOP-IHOSLHHL" name="codesonStriings.delete1" tests="1" failures="0" timestamp="04 Jun 2019 10:27:47 GMT" time="31.045" errors="0">
  <testcase name="setup1" time="31.045" classname="codesonStriings.delete1"/>
</testsuite> <!-- codesonStriings.delete1 -->
